ExampleCollector>>ACE>>Server>>SUCCESS>>1716898751036
BIP9332I<<Application 'ExampleCollector' has been changed successfully. <<1716898751036
BIP9326I<<The source 'ExampleCollectorproject.generated.bar' has been successfully deployed. <<1716898751036
ExampleCollector>>ACE>>Server>>SUCCESS>>1716898992838
BIP9332I<<Application 'ExampleCollector' has been changed successfully. <<1716898992838
BIP9326I<<The source 'ExampleCollectorproject.generated.bar' has been successfully deployed. <<1716898992838
ExampleCollector>>ACE>>Server>>SUCCESS>>1716899001094
BIP9332I<<Application 'ExampleCollector' has been changed successfully. <<1716899001094
BIP9326I<<The source 'ExampleCollectorproject.generated.bar' has been successfully deployed. <<1716899001094
ExampleCollector>>ACE>>Server>>SUCCESS>>1716899314133
BIP9332I<<Application 'ExampleCollector' has been changed successfully. <<1716899314133
BIP9326I<<The source 'ExampleCollectorproject.generated.bar' has been successfully deployed. <<1716899314133
ExampleCollector>>ACE>>Server>>SUCCESS>>1716899367458
BIP9332I<<Application 'ExampleCollector' has been changed successfully. <<1716899367458
BIP9326I<<The source 'ExampleCollectorproject.generated.bar' has been successfully deployed. <<1716899367458
ExampleCollector>>ACE>>Server>>SUCCESS>>1716899381024
BIP9332I<<Application 'ExampleCollector' has been changed successfully. <<1716899381024
BIP9326I<<The source 'ExampleCollectorproject.generated.bar' has been successfully deployed. <<1716899381024
ExampleCollector>>ACE>>Server>>SUCCESS>>1716899440170
BIP9332I<<Application 'ExampleCollector' has been changed successfully. <<1716899440170
BIP9326I<<The source 'ExampleCollectorproject.generated.bar' has been successfully deployed. <<1716899440170
ExampleCollector>>ACE>>Server>>SUCCESS>>1716963612067
BIP9332I<<Application 'ExampleCollector' has been created successfully. <<1716963612067
BIP9326I<<The source 'ExampleCollectorproject.generated.bar' has been successfully deployed. <<1716963612067
DatabaseNodeS>>ACE>>Server>>SUCCESS>>1717051400524
BIP9332I<<Application 'DatabaseNodeS' has been created successfully. <<1717051400524
BIP9326I<<The source 'DatabaseNodeSproject.generated.bar' has been successfully deployed. <<1717051400524
DatabaseNodeS>>ACE>>Server>>SUCCESS>>1717051409254
BIP9332I<<Application 'DatabaseNodeS' has been changed successfully. <<1717051409254
BIP9326I<<The source 'DatabaseNodeSproject.generated.bar' has been successfully deployed. <<1717051409254
DatabaseNodeS>>ACE>>Server>>SUCCESS>>1717051971485
BIP9332I<<Application 'DatabaseNodeS' has been changed successfully. <<1717051971485
BIP9326I<<The source 'DatabaseNodeSproject.generated.bar' has been successfully deployed. <<1717051971485
DatabaseNodeS>>ACE>>Server>>SUCCESS>>1717053085562
BIP9332I<<Application 'DatabaseNodeS' has been changed successfully. <<1717053085562
BIP9326I<<The source 'DatabaseNodeSproject.generated.bar' has been successfully deployed. <<1717053085562
DatabaseNodeS>>ACE>>Server>>SUCCESS>>1717053798228
BIP9332I<<Application 'DatabaseNodeS' has been changed successfully. <<1717053798228
BIP9326I<<The source 'DatabaseNodeSproject.generated.bar' has been successfully deployed. <<1717053798228
DatabaseNodeS>>ACE>>Server>>SUCCESS>>1717054163661
BIP9332I<<Application 'DatabaseNodeS' has been changed successfully. <<1717054163661
BIP9326I<<The source 'DatabaseNodeSproject.generated.bar' has been successfully deployed. <<1717054163661
DatabaseNodeS>>ACE>>Server>>WARNING>>1717071271385
BIP9320E<<Message Flow 'DB_Router', 'DB_Router' encountered a failure and could not start. <<1717071271385
BIP6253E<<Error in node: Database Retrieve. Could not locate JDBC Provider policy '{POLICY}:JDBC', in the specified or default policy project, for the data source name property on this node. <<1717071271385
BIP9333W<<Application 'DatabaseNodeS' has been changed but contains errors which has prevented some resources from starting. <<1717071271385
BIP1096E<<The source 'DatabaseNodeSproject.generated.bar' has been deployed but there were one or more failures which may mean the deployed resources will be unable to execute. <<1717071271385
POLICY>>ACE>>Server>>SUCCESS>>1717071286666
BIP9332I<<PolicyProject 'POLICY' has been created successfully. <<1717071286666
BIP9326I<<The source 'POLICYproject.generated.bar' has been successfully deployed. <<1717071286666
DatabaseNodeS>>ACE>>Server>>SUCCESS>>1717071295022
BIP9332I<<Application 'DatabaseNodeS' has been changed successfully. <<1717071295022
BIP9326I<<The source 'DatabaseNodeSproject.generated.bar' has been successfully deployed. <<1717071295022
DatabaseNodeS>>ACE>>Server>>SUCCESS>>1717071316970
BIP9332I<<Application 'DatabaseNodeS' has been changed successfully. <<1717071316970
BIP9326I<<The source 'DatabaseNodeSproject.generated.bar' has been successfully deployed. <<1717071316970
DatabaseNodeS>>ACE>>Server>>SUCCESS>>1717071340190
BIP9332I<<Application 'DatabaseNodeS' has been changed successfully. <<1717071340190
BIP9326I<<The source 'DatabaseNodeSproject.generated.bar' has been successfully deployed. <<1717071340190
DatabaseNodeS>>ACE>>Server>>SUCCESS>>1717071429001
BIP9332I<<Application 'DatabaseNodeS' has been changed successfully. <<1717071429001
BIP9326I<<The source 'DatabaseNodeSproject.generated.bar' has been successfully deployed. <<1717071429001
DatabaseNodeS>>ACE>>Server>>SUCCESS>>1717071496810
BIP9332I<<Application 'DatabaseNodeS' has been changed successfully. <<1717071496810
BIP9326I<<The source 'DatabaseNodeSproject.generated.bar' has been successfully deployed. <<1717071496810
DatabaseNodeS>>ACE>>Server>>SUCCESS>>1717071530335
BIP9332I<<Application 'DatabaseNodeS' has been changed successfully. <<1717071530335
BIP9326I<<The source 'DatabaseNodeSproject.generated.bar' has been successfully deployed. <<1717071530335
DatabaseNodeS>>ACE>>Server>>SUCCESS>>1717071542261
BIP9332I<<Application 'DatabaseNodeS' has been changed successfully. <<1717071542261
BIP9326I<<The source 'DatabaseNodeSproject.generated.bar' has been successfully deployed. <<1717071542261
POLICY>>ACE>>Server>>ERROR>>1717071860218
BIP9328E<<The policy project 'POLICY' cannot be redeployed at this time as the non-dynamic policy 'JDBC' differs from what is currently deployed. To allow redeploying of this policy project use the 'restart-all-applications' option. <<1717071860218
BIP9325E<<The source 'POLICYproject.generated.bar' could not be deployed as it contains errors. No changes have been made to the integration server. <<1717071860218
POLICY>>ACE>>Server>>SUCCESS>>1717071879186
BIP9332I<<PolicyProject 'POLICY' has been created successfully. <<1717071879186
BIP9326I<<The source 'POLICYproject.generated.bar' has been successfully deployed. <<1717071879186
DatabaseNodeS>>ACE>>Server>>SUCCESS>>1717071898916
BIP9332I<<Application 'DatabaseNodeS' has been created successfully. <<1717071898916
BIP9326I<<The source 'DatabaseNodeSproject.generated.bar' has been successfully deployed. <<1717071898916
DatabaseNodeS>>ACE>>Server>>SUCCESS>>1717071909585
BIP9332I<<Application 'DatabaseNodeS' has been changed successfully. <<1717071909585
BIP9326I<<The source 'DatabaseNodeSproject.generated.bar' has been successfully deployed. <<1717071909585
DatabaseNodeS>>ACE>>Server>>WARNING>>1717071960382
BIP9320E<<Message Flow 'DB_Router', 'DB_Router' encountered a failure and could not start. <<1717071960382
BIP6253E<<Error in node: Database Retrieve. Could not locate JDBC Provider policy '{POLICY}:JDBC_DB', in the specified or default policy project, for the data source name property on this node. <<1717071960382
BIP9333W<<Application 'DatabaseNodeS' has been changed but contains errors which has prevented some resources from starting. <<1717071960382
BIP1096E<<The source 'DatabaseNodeSproject.generated.bar' has been deployed but there were one or more failures which may mean the deployed resources will be unable to execute. <<1717071960382
DatabaseNodeS>>ACE>>Server>>WARNING>>1717072015312
BIP9320E<<Message Flow 'DB_Router', 'DB_Router' encountered a failure and could not start. <<1717072015312
BIP6253E<<Error in node: Database Retrieve. Could not locate JDBC Provider policy '{POLICY}:JDBC_DB', in the specified or default policy project, for the data source name property on this node. <<1717072015312
BIP9333W<<Application 'DatabaseNodeS' has been changed but contains errors which has prevented some resources from starting. <<1717072015312
BIP1096E<<The source 'DatabaseNodeSproject.generated.bar' has been deployed but there were one or more failures which may mean the deployed resources will be unable to execute. <<1717072015312
DatabaseNodeS>>ACE>>Server>>WARNING>>1717072044653
BIP9320E<<Message Flow 'DB_Router', 'DB_Router' encountered a failure and could not start. <<1717072044653
BIP6253E<<Error in node: Database Retrieve. Could not locate JDBC Provider policy '{POLICY}:JDBC_DB', in the specified or default policy project, for the data source name property on this node. <<1717072044653
BIP9333W<<Application 'DatabaseNodeS' has been changed but contains errors which has prevented some resources from starting. <<1717072044653
BIP1096E<<The source 'DatabaseNodeSproject.generated.bar' has been deployed but there were one or more failures which may mean the deployed resources will be unable to execute. <<1717072044653
POLICY>>ACE>>Server>>SUCCESS>>1717072081170
BIP9332I<<PolicyProject 'POLICY' has been created successfully. <<1717072081170
BIP9326I<<The source 'POLICYproject.generated.bar' has been successfully deployed. <<1717072081170
POLICY>>ACE>>Server>>SUCCESS>>1717072125031
BIP9339W<<The values defined in the policy(s) 'JDBC' in policy project 'POLICY' match the values of the existing policy(s). Any deployed resources using the policy(s) will not be affected by the redeploy of the policy project. <<1717072125031
BIP9326I<<The source 'POLICYproject.generated.bar' has been successfully deployed. <<1717072125031
POLICY>>ACE>>Server>>SUCCESS>>1717072131604
BIP9339W<<The values defined in the policy(s) 'JDBC' in policy project 'POLICY' match the values of the existing policy(s). Any deployed resources using the policy(s) will not be affected by the redeploy of the policy project. <<1717072131604
BIP9326I<<The source 'POLICYproject.generated.bar' has been successfully deployed. <<1717072131604
DatabaseNodeS>>ACE>>Server>>SUCCESS>>1717072148811
BIP9332I<<Application 'DatabaseNodeS' has been created successfully. <<1717072148811
BIP9326I<<The source 'DatabaseNodeSproject.generated.bar' has been successfully deployed. <<1717072148811
DatabaseNodeS>>ACE>>Server>>SUCCESS>>1717072153703
BIP9332I<<Application 'DatabaseNodeS' has been changed successfully. <<1717072153703
BIP9326I<<The source 'DatabaseNodeSproject.generated.bar' has been successfully deployed. <<1717072153703
DatabaseNodeS>>ACE>>Server>>SUCCESS>>1717072214400
BIP9332I<<Application 'DatabaseNodeS' has been changed successfully. <<1717072214400
BIP9326I<<The source 'DatabaseNodeSproject.generated.bar' has been successfully deployed. <<1717072214400
POLICY>>ACE>>Server>>SUCCESS>>1717072381428
BIP9332I<<PolicyProject 'POLICY' has been created successfully. <<1717072381428
BIP9326I<<The source 'POLICYproject.generated.bar' has been successfully deployed. <<1717072381428
DatabaseNodeS>>ACE>>Server>>SUCCESS>>1717072394809
BIP9332I<<Application 'DatabaseNodeS' has been created successfully. <<1717072394809
BIP9326I<<The source 'DatabaseNodeSproject.generated.bar' has been successfully deployed. <<1717072394809
DatabaseNodeS>>ACE>>Server>>SUCCESS>>1717072400307
BIP9332I<<Application 'DatabaseNodeS' has been changed successfully. <<1717072400307
BIP9326I<<The source 'DatabaseNodeSproject.generated.bar' has been successfully deployed. <<1717072400307
DatabaseNodeS>>ACE>>Server>>SUCCESS>>1717072514098
BIP9332I<<Application 'DatabaseNodeS' has been changed successfully. <<1717072514098
BIP9326I<<The source 'DatabaseNodeSproject.generated.bar' has been successfully deployed. <<1717072514098
DatabaseNodeS>>ACE>>Server>>SUCCESS>>1717072603261
BIP9332I<<Application 'DatabaseNodeS' has been changed successfully. <<1717072603261
BIP9326I<<The source 'DatabaseNodeSproject.generated.bar' has been successfully deployed. <<1717072603261
DatabaseNodeS>>ACE>>Server>>SUCCESS>>1717072722899
BIP9332I<<Application 'DatabaseNodeS' has been changed successfully. <<1717072722899
BIP9326I<<The source 'DatabaseNodeSproject.generated.bar' has been successfully deployed. <<1717072722899
DatabaseNodeS>>ACE>>Server>>SUCCESS>>1717072879797
BIP9332I<<Application 'DatabaseNodeS' has been changed successfully. <<1717072879797
BIP9326I<<The source 'DatabaseNodeSproject.generated.bar' has been successfully deployed. <<1717072879797
DatabaseNodeS>>ACE>>Server>>SUCCESS>>1717073127865
BIP9332I<<Application 'DatabaseNodeS' has been changed successfully. <<1717073127865
BIP9326I<<The source 'DatabaseNodeSproject.generated.bar' has been successfully deployed. <<1717073127865
DatabaseNodeS>>ACE>>Server>>SUCCESS>>1717073159726
BIP9332I<<Application 'DatabaseNodeS' has been changed successfully. <<1717073159726
BIP9326I<<The source 'DatabaseNodeSproject.generated.bar' has been successfully deployed. <<1717073159726
DatabaseNodeS>>ACE>>Server>>SUCCESS>>1717073189225
BIP9332I<<Application 'DatabaseNodeS' has been changed successfully. <<1717073189225
BIP9326I<<The source 'DatabaseNodeSproject.generated.bar' has been successfully deployed. <<1717073189225
DatabaseNodeS>>ACE>>Server>>SUCCESS>>1717073277450
BIP9332I<<Application 'DatabaseNodeS' has been changed successfully. <<1717073277450
BIP9326I<<The source 'DatabaseNodeSproject.generated.bar' has been successfully deployed. <<1717073277450
DatabaseNodeS>>ACE>>Server>>WARNING>>1717073328833
BIP9320E<<Message Flow 'DB_Router', 'DB_Router' encountered a failure and could not start. <<1717073328833
BIP6253E<<Error in node: Database Retrieve. Could not locate JDBC Provider policy 'DB2', in the specified or default policy project, for the data source name property on this node. <<1717073328833
BIP9333W<<Application 'DatabaseNodeS' has been changed but contains errors which has prevented some resources from starting. <<1717073328833
BIP1096E<<The source 'DatabaseNodeSproject.generated.bar' has been deployed but there were one or more failures which may mean the deployed resources will be unable to execute. <<1717073328833
DatabaseNodeS>>ACE>>Server>>WARNING>>1717073425004
BIP9320E<<Message Flow 'DB_Router', 'DB_Router' encountered a failure and could not start. <<1717073425004
BIP6253E<<Error in node: Database Retrieve. Could not locate JDBC Provider policy 'DB2', in the specified or default policy project, for the data source name property on this node. <<1717073425004
BIP9333W<<Application 'DatabaseNodeS' has been changed but contains errors which has prevented some resources from starting. <<1717073425004
BIP1096E<<The source 'DatabaseNodeSproject.generated.bar' has been deployed but there were one or more failures which may mean the deployed resources will be unable to execute. <<1717073425004
DatabaseNodeS>>ACE>>Server>>WARNING>>1717073516885
BIP9320E<<Message Flow 'DB_Router', 'DB_Router' encountered a failure and could not start. <<1717073516885
BIP6253E<<Error in node: Database Retrieve. Could not locate JDBC Provider policy 'DB2', in the specified or default policy project, for the data source name property on this node. <<1717073516885
BIP9333W<<Application 'DatabaseNodeS' has been changed but contains errors which has prevented some resources from starting. <<1717073516885
BIP1096E<<The source 'DatabaseNodeSproject.generated.bar' has been deployed but there were one or more failures which may mean the deployed resources will be unable to execute. <<1717073516885
DatabaseNodeS>>ACE>>Server>>WARNING>>1717073539302
BIP9320E<<Message Flow 'DB_Router', 'DB_Router' encountered a failure and could not start. <<1717073539302
BIP6253E<<Error in node: Database Retrieve. Could not locate JDBC Provider policy 'DB2', in the specified or default policy project, for the data source name property on this node. <<1717073539302
BIP9333W<<Application 'DatabaseNodeS' has been changed but contains errors which has prevented some resources from starting. <<1717073539302
BIP1096E<<The source 'DatabaseNodeSproject.generated.bar' has been deployed but there were one or more failures which may mean the deployed resources will be unable to execute. <<1717073539302
POLICY>>ACE>>Server>>SUCCESS>>1717073596062
BIP9332I<<PolicyProject 'POLICY' has been created successfully. <<1717073596062
BIP9326I<<The source 'POLICYproject.generated.bar' has been successfully deployed. <<1717073596062
DatabaseNodeS>>ACE>>Server>>WARNING>>1717073602089
BIP9320E<<Message Flow 'DB_Router', 'DB_Router' encountered a failure and could not start. <<1717073602089
BIP6253E<<Error in node: Database Retrieve. Could not locate JDBC Provider policy 'DB2', in the specified or default policy project, for the data source name property on this node. <<1717073602089
BIP9333W<<Application 'DatabaseNodeS' has been created but contains errors which has prevented some resources from starting. <<1717073602089
BIP1096E<<The source 'DatabaseNodeSproject.generated.bar' has been deployed but there were one or more failures which may mean the deployed resources will be unable to execute. <<1717073602089
DatabaseNodeS>>ACE>>Server>>SUCCESS>>1717073636404
BIP9332I<<Application 'DatabaseNodeS' has been changed successfully. <<1717073636404
BIP9326I<<The source 'DatabaseNodeSproject.generated.bar' has been successfully deployed. <<1717073636404
DatabaseNodeS>>ACE>>Server>>SUCCESS>>1717073642752
BIP9332I<<Application 'DatabaseNodeS' has been changed successfully. <<1717073642752
BIP9326I<<The source 'DatabaseNodeSproject.generated.bar' has been successfully deployed. <<1717073642752
DatabaseNodeS>>ACE>>Server>>SUCCESS>>1717073734966
BIP9332I<<Application 'DatabaseNodeS' has been changed successfully. <<1717073734966
BIP9326I<<The source 'DatabaseNodeSproject.generated.bar' has been successfully deployed. <<1717073734966
DatabaseNodeS>>ACE>>Server>>SUCCESS>>1717073747446
BIP9332I<<Application 'DatabaseNodeS' has been changed successfully. <<1717073747446
BIP9326I<<The source 'DatabaseNodeSproject.generated.bar' has been successfully deployed. <<1717073747446
DatabaseNodeS>>ACE>>Server>>SUCCESS>>1717074091837
BIP9332I<<Application 'DatabaseNodeS' has been changed successfully. <<1717074091837
BIP9326I<<The source 'DatabaseNodeSproject.generated.bar' has been successfully deployed. <<1717074091837
DatabaseNodeS>>ACE>>Server>>SUCCESS>>1717074192115
BIP9332I<<Application 'DatabaseNodeS' has been changed successfully. <<1717074192115
BIP9326I<<The source 'DatabaseNodeSproject.generated.bar' has been successfully deployed. <<1717074192115
DatabaseNodeS>>ACE>>Server>>SUCCESS>>1717074367339
BIP9332I<<Application 'DatabaseNodeS' has been changed successfully. <<1717074367339
BIP9326I<<The source 'DatabaseNodeSproject.generated.bar' has been successfully deployed. <<1717074367339
DatabaseNodeS>>ACE>>Server>>SUCCESS>>1717074630780
BIP9332I<<Application 'DatabaseNodeS' has been changed successfully. <<1717074630780
BIP9326I<<The source 'DatabaseNodeSproject.generated.bar' has been successfully deployed. <<1717074630780
DatabaseNodeS>>ACE>>Server>>SUCCESS>>1717074669126
BIP9332I<<Application 'DatabaseNodeS' has been changed successfully. <<1717074669126
BIP9326I<<The source 'DatabaseNodeSproject.generated.bar' has been successfully deployed. <<1717074669126
DatabaseNodeS>>ACE>>Server>>SUCCESS>>1717074818015
BIP9332I<<Application 'DatabaseNodeS' has been changed successfully. <<1717074818015
BIP9326I<<The source 'DatabaseNodeSproject.generated.bar' has been successfully deployed. <<1717074818015
DatabaseNodeS>>ACE>>Server>>SUCCESS>>1717074842273
BIP9332I<<Application 'DatabaseNodeS' has been changed successfully. <<1717074842273
BIP9326I<<The source 'DatabaseNodeSproject.generated.bar' has been successfully deployed. <<1717074842273
DatabaseNodeS>>ACE>>Server>>SUCCESS>>1717074872791
BIP9332I<<Application 'DatabaseNodeS' has been changed successfully. <<1717074872791
BIP9326I<<The source 'DatabaseNodeSproject.generated.bar' has been successfully deployed. <<1717074872791
DatabaseNodeS>>ACE>>Server>>SUCCESS>>1717074883420
BIP9332I<<Application 'DatabaseNodeS' has been changed successfully. <<1717074883420
BIP9326I<<The source 'DatabaseNodeSproject.generated.bar' has been successfully deployed. <<1717074883420
DatabaseNodeS>>ACE>>Server>>SUCCESS>>1717074986618
BIP9332I<<Application 'DatabaseNodeS' has been changed successfully. <<1717074986618
BIP9326I<<The source 'DatabaseNodeSproject.generated.bar' has been successfully deployed. <<1717074986618
DatabaseNodeS>>ACE>>Server>>SUCCESS>>1717074999774
BIP9332I<<Application 'DatabaseNodeS' has been changed successfully. <<1717074999774
BIP9326I<<The source 'DatabaseNodeSproject.generated.bar' has been successfully deployed. <<1717074999774
DatabaseNodeS>>ACE>>Server>>SUCCESS>>1717075075455
BIP9332I<<Application 'DatabaseNodeS' has been changed successfully. <<1717075075455
BIP9326I<<The source 'DatabaseNodeSproject.generated.bar' has been successfully deployed. <<1717075075455
DatabaseNodeS>>ACE>>Server>>SUCCESS>>1717075083700
BIP9332I<<Application 'DatabaseNodeS' has been changed successfully. <<1717075083700
BIP9326I<<The source 'DatabaseNodeSproject.generated.bar' has been successfully deployed. <<1717075083700
DatabaseNodeS>>ACE>>Server>>SUCCESS>>1717075207263
BIP9332I<<Application 'DatabaseNodeS' has been changed successfully. <<1717075207263
BIP9326I<<The source 'DatabaseNodeSproject.generated.bar' has been successfully deployed. <<1717075207263
DatabaseNodeS>>ACE>>Server>>SUCCESS>>1717075216865
BIP9332I<<Application 'DatabaseNodeS' has been changed successfully. <<1717075216865
BIP9326I<<The source 'DatabaseNodeSproject.generated.bar' has been successfully deployed. <<1717075216865
POLICY>>ACE>>Server>>SUCCESS>>1717075574352
BIP9332I<<PolicyProject 'POLICY' has been created successfully. <<1717075574352
BIP9326I<<The source 'POLICYproject.generated.bar' has been successfully deployed. <<1717075574352
DatabaseNodeS>>ACE>>Server>>SUCCESS>>1717075583176
BIP9332I<<Application 'DatabaseNodeS' has been created successfully. <<1717075583176
BIP9326I<<The source 'DatabaseNodeSproject.generated.bar' has been successfully deployed. <<1717075583176
SOAPApplicationA>>ACE>>Server>>SUCCESS>>1717137594077
BIP9332I<<Application 'SOAPApplicationA' has been created successfully. <<1717137594077
BIP9326I<<The source 'SOAPApplicationAproject.generated.bar' has been successfully deployed. <<1717137594077
SOAPApplicationA>>ACE>>Server>>SUCCESS>>1717137779852
BIP9332I<<Application 'SOAPApplicationA' has been changed successfully. <<1717137779852
BIP9326I<<The source 'SOAPApplicationAproject.generated.bar' has been successfully deployed. <<1717137779852
SOAPApplicationA>>ACE>>Server>>SUCCESS>>1717137901765
BIP9332I<<Application 'SOAPApplicationA' has been changed successfully. <<1717137901765
BIP9326I<<The source 'SOAPApplicationAproject.generated.bar' has been successfully deployed. <<1717137901765
SOAPApplicationA>>ACE>>Server>>SUCCESS>>1717138104349
BIP9332I<<Application 'SOAPApplicationA' has been changed successfully. <<1717138104349
BIP9326I<<The source 'SOAPApplicationAproject.generated.bar' has been successfully deployed. <<1717138104349
AggrigateNode>>ACE>>Server>>SUCCESS>>1717146053670
BIP9332I<<Application 'AggrigateNode' has been created successfully. <<1717146053670
BIP9326I<<The source 'AggrigateNodeproject.generated.bar' has been successfully deployed. <<1717146053670
AggrigateNode>>ACE>>Server>>SUCCESS>>1717146062857
BIP9332I<<Application 'AggrigateNode' has been changed successfully. <<1717146062857
BIP9326I<<The source 'AggrigateNodeproject.generated.bar' has been successfully deployed. <<1717146062857
AggrigateNode>>ACE>>Server>>SUCCESS>>1717146193355
BIP9332I<<Application 'AggrigateNode' has been changed successfully. <<1717146193355
BIP9326I<<The source 'AggrigateNodeproject.generated.bar' has been successfully deployed. <<1717146193355
AggrigateNode>>ACE>>Server>>SUCCESS>>1717146226496
BIP9332I<<Application 'AggrigateNode' has been changed successfully. <<1717146226496
BIP9326I<<The source 'AggrigateNodeproject.generated.bar' has been successfully deployed. <<1717146226496
AggrigateNode>>ACE>>Server>>SUCCESS>>1717146241727
BIP9332I<<Application 'AggrigateNode' has been changed successfully. <<1717146241727
BIP9326I<<The source 'AggrigateNodeproject.generated.bar' has been successfully deployed. <<1717146241727
AggrigateNode>>ACE>>Server>>SUCCESS>>1717146372555
BIP9332I<<Application 'AggrigateNode' has been changed successfully. <<1717146372555
BIP9326I<<The source 'AggrigateNodeproject.generated.bar' has been successfully deployed. <<1717146372555
AggrigateNode>>ACE>>Server>>SUCCESS>>1717146387575
BIP9332I<<Application 'AggrigateNode' has been changed successfully. <<1717146387575
BIP9326I<<The source 'AggrigateNodeproject.generated.bar' has been successfully deployed. <<1717146387575
AggrigateNode>>ACE>>Server>>SUCCESS>>1717146540522
BIP9332I<<Application 'AggrigateNode' has been changed successfully. <<1717146540522
BIP9326I<<The source 'AggrigateNodeproject.generated.bar' has been successfully deployed. <<1717146540522
AggrigateNode>>ACE>>Server>>SUCCESS>>1717146554472
BIP9332I<<Application 'AggrigateNode' has been changed successfully. <<1717146554472
BIP9326I<<The source 'AggrigateNodeproject.generated.bar' has been successfully deployed. <<1717146554472
AggrigateNode>>ACE>>Server>>SUCCESS>>1717146738871
BIP9332I<<Application 'AggrigateNode' has been changed successfully. <<1717146738871
BIP9326I<<The source 'AggrigateNodeproject.generated.bar' has been successfully deployed. <<1717146738871
AggrigateNode>>ACE>>Server>>SUCCESS>>1717146750684
BIP9332I<<Application 'AggrigateNode' has been changed successfully. <<1717146750684
BIP9326I<<The source 'AggrigateNodeproject.generated.bar' has been successfully deployed. <<1717146750684
AggrigateNode>>ACE>>Server>>SUCCESS>>1717146765856
BIP9332I<<Application 'AggrigateNode' has been changed successfully. <<1717146765856
BIP9326I<<The source 'AggrigateNodeproject.generated.bar' has been successfully deployed. <<1717146765856
AggrigateNode>>ACE>>Server>>SUCCESS>>1717146864386
BIP9332I<<Application 'AggrigateNode' has been changed successfully. <<1717146864386
BIP9326I<<The source 'AggrigateNodeproject.generated.bar' has been successfully deployed. <<1717146864386
AggrigateNode>>ACE>>Server>>SUCCESS>>1717146877951
BIP9332I<<Application 'AggrigateNode' has been changed successfully. <<1717146877951
BIP9326I<<The source 'AggrigateNodeproject.generated.bar' has been successfully deployed. <<1717146877951
AggrigateNode>>ACE>>Server>>SUCCESS>>1717146935138
BIP9332I<<Application 'AggrigateNode' has been changed successfully. <<1717146935138
BIP9326I<<The source 'AggrigateNodeproject.generated.bar' has been successfully deployed. <<1717146935138
AggrigateNode>>ACE>>Server>>SUCCESS>>1717146974564
BIP9332I<<Application 'AggrigateNode' has been changed successfully. <<1717146974564
BIP9326I<<The source 'AggrigateNodeproject.generated.bar' has been successfully deployed. <<1717146974564
AggrigateNode>>ACE>>Server>>SUCCESS>>1717147352918
BIP9332I<<Application 'AggrigateNode' has been changed successfully. <<1717147352918
BIP9326I<<The source 'AggrigateNodeproject.generated.bar' has been successfully deployed. <<1717147352918
AggrigateNode>>ACE>>Server>>SUCCESS>>1717147373693
BIP9332I<<Application 'AggrigateNode' has been changed successfully. <<1717147373693
BIP9326I<<The source 'AggrigateNodeproject.generated.bar' has been successfully deployed. <<1717147373693
AggrigateNode>>ACE>>Server>>SUCCESS>>1717147454938
BIP9332I<<Application 'AggrigateNode' has been changed successfully. <<1717147454938
BIP9326I<<The source 'AggrigateNodeproject.generated.bar' has been successfully deployed. <<1717147454938
AggrigateNode>>ACE>>Server>>SUCCESS>>1717147505271
BIP9332I<<Application 'AggrigateNode' has been changed successfully. <<1717147505271
BIP9326I<<The source 'AggrigateNodeproject.generated.bar' has been successfully deployed. <<1717147505271
AggrigateNode>>ACE>>Server>>SUCCESS>>1717147516990
BIP9332I<<Application 'AggrigateNode' has been changed successfully. <<1717147516990
BIP9326I<<The source 'AggrigateNodeproject.generated.bar' has been successfully deployed. <<1717147516990
AggrigateNode>>ACE>>Server>>SUCCESS>>1717147565575
BIP9332I<<Application 'AggrigateNode' has been changed successfully. <<1717147565575
BIP9326I<<The source 'AggrigateNodeproject.generated.bar' has been successfully deployed. <<1717147565575
AggrigateNode>>ACE>>Server>>SUCCESS>>1717147581594
BIP9332I<<Application 'AggrigateNode' has been changed successfully. <<1717147581594
BIP9326I<<The source 'AggrigateNodeproject.generated.bar' has been successfully deployed. <<1717147581594
AggrigateNode>>ACE>>Server>>SUCCESS>>1717151224744
BIP9332I<<Application 'AggrigateNode' has been changed successfully. <<1717151224744
BIP9326I<<The source 'AggrigateNodeproject.generated.bar' has been successfully deployed. <<1717151224744
AggrigateNode>>ACE>>Server>>SUCCESS>>1717151237496
BIP9332I<<Application 'AggrigateNode' has been changed successfully. <<1717151237496
BIP9326I<<The source 'AggrigateNodeproject.generated.bar' has been successfully deployed. <<1717151237496
AggrigateNode>>ACE>>Server>>SUCCESS>>1717151322991
BIP9332I<<Application 'AggrigateNode' has been changed successfully. <<1717151322991
BIP9326I<<The source 'AggrigateNodeproject.generated.bar' has been successfully deployed. <<1717151322991
AggrigateNode>>ACE>>Server>>SUCCESS>>1717151347735
BIP9332I<<Application 'AggrigateNode' has been changed successfully. <<1717151347735
BIP9326I<<The source 'AggrigateNodeproject.generated.bar' has been successfully deployed. <<1717151347735
AggrigateNode>>ACE>>Server>>SUCCESS>>1717151382109
BIP9332I<<Application 'AggrigateNode' has been changed successfully. <<1717151382109
BIP9326I<<The source 'AggrigateNodeproject.generated.bar' has been successfully deployed. <<1717151382109
AggrigateNode>>ACE>>Server>>SUCCESS>>1717151491538
BIP9332I<<Application 'AggrigateNode' has been changed successfully. <<1717151491538
BIP9326I<<The source 'AggrigateNodeproject.generated.bar' has been successfully deployed. <<1717151491538
AggrigateNode>>ACE>>Server>>SUCCESS>>1717151511862
BIP9332I<<Application 'AggrigateNode' has been changed successfully. <<1717151511862
BIP9326I<<The source 'AggrigateNodeproject.generated.bar' has been successfully deployed. <<1717151511862
AggrigateNode>>ACE>>Server>>SUCCESS>>1717151590981
BIP9332I<<Application 'AggrigateNode' has been changed successfully. <<1717151590981
BIP9326I<<The source 'AggrigateNodeproject.generated.bar' has been successfully deployed. <<1717151590981
AggrigateNode>>ACE>>Server>>SUCCESS>>1717151609291
BIP9332I<<Application 'AggrigateNode' has been changed successfully. <<1717151609291
BIP9326I<<The source 'AggrigateNodeproject.generated.bar' has been successfully deployed. <<1717151609291
AggrigateNode>>ACE>>Server>>SUCCESS>>1717151720923
BIP9332I<<Application 'AggrigateNode' has been created successfully. <<1717151720923
BIP9326I<<The source 'AggrigateNodeproject.generated.bar' has been successfully deployed. <<1717151720923
AggrigateNode>>ACE>>Server>>SUCCESS>>1717151817099
BIP9332I<<Application 'AggrigateNode' has been changed successfully. <<1717151817099
BIP9326I<<The source 'AggrigateNodeproject.generated.bar' has been successfully deployed. <<1717151817099
AggrigateNode>>ACE>>Server>>SUCCESS>>1717151966933
BIP9332I<<Application 'AggrigateNode' has been created successfully. <<1717151966933
BIP9326I<<The source 'AggrigateNodeproject.generated.bar' has been successfully deployed. <<1717151966933
AggrigateNode>>ACE>>Server>>SUCCESS>>1717152105850
BIP9332I<<Application 'AggrigateNode' has been changed successfully. <<1717152105850
BIP9326I<<The source 'AggrigateNodeproject.generated.bar' has been successfully deployed. <<1717152105850
AggrigateNode>>ACE>>Server>>SUCCESS>>1717152160516
BIP9332I<<Application 'AggrigateNode' has been changed successfully. <<1717152160516
BIP9326I<<The source 'AggrigateNodeproject.generated.bar' has been successfully deployed. <<1717152160516
AggrigateNode>>ACE>>Server>>SUCCESS>>1717153388117
BIP9332I<<Application 'AggrigateNode' has been changed successfully. <<1717153388117
BIP9326I<<The source 'AggrigateNodeproject.generated.bar' has been successfully deployed. <<1717153388117
AggrigateNode>>ACE>>Server>>SUCCESS>>1717153457810
BIP9332I<<Application 'AggrigateNode' has been changed successfully. <<1717153457810
BIP9326I<<The source 'AggrigateNodeproject.generated.bar' has been successfully deployed. <<1717153457810
AggrigateNode>>ACE>>Server>>SUCCESS>>1717153537992
BIP9332I<<Application 'AggrigateNode' has been changed successfully. <<1717153537992
BIP9326I<<The source 'AggrigateNodeproject.generated.bar' has been successfully deployed. <<1717153537992
AggrigateNode>>ACE>>Server>>SUCCESS>>1717153596309
BIP9332I<<Application 'AggrigateNode' has been changed successfully. <<1717153596309
BIP9326I<<The source 'AggrigateNodeproject.generated.bar' has been successfully deployed. <<1717153596309
AggrigateNode>>ACE>>Server>>SUCCESS>>1717153649026
BIP9332I<<Application 'AggrigateNode' has been changed successfully. <<1717153649026
BIP9326I<<The source 'AggrigateNodeproject.generated.bar' has been successfully deployed. <<1717153649026
AggrigateNode>>ACE>>Server>>SUCCESS>>1717153664616
BIP9332I<<Application 'AggrigateNode' has been changed successfully. <<1717153664616
BIP9326I<<The source 'AggrigateNodeproject.generated.bar' has been successfully deployed. <<1717153664616
AggrigateNode>>ACE>>Server>>SUCCESS>>1717153713155
BIP9332I<<Application 'AggrigateNode' has been changed successfully. <<1717153713155
BIP9326I<<The source 'AggrigateNodeproject.generated.bar' has been successfully deployed. <<1717153713155
AggrigateNode>>ACE>>Server>>SUCCESS>>1717153738726
BIP9332I<<Application 'AggrigateNode' has been created successfully. <<1717153738726
BIP9326I<<The source 'AggrigateNodeproject.generated.bar' has been successfully deployed. <<1717153738726
AggrigateNode>>ACE>>Server>>SUCCESS>>1717153835741
BIP9332I<<Application 'AggrigateNode' has been changed successfully. <<1717153835741
BIP9326I<<The source 'AggrigateNodeproject.generated.bar' has been successfully deployed. <<1717153835741
AggrigateNode>>ACE>>Server>>SUCCESS>>1717153877382
BIP9332I<<Application 'AggrigateNode' has been changed successfully. <<1717153877382
BIP9326I<<The source 'AggrigateNodeproject.generated.bar' has been successfully deployed. <<1717153877382
AggrigateNode>>ACE>>Server>>SUCCESS>>1717153922757
BIP9332I<<Application 'AggrigateNode' has been changed successfully. <<1717153922757
BIP9326I<<The source 'AggrigateNodeproject.generated.bar' has been successfully deployed. <<1717153922757
AggrigateNode>>ACE>>Server>>SUCCESS>>1717153957648
BIP9332I<<Application 'AggrigateNode' has been changed successfully. <<1717153957648
BIP9326I<<The source 'AggrigateNodeproject.generated.bar' has been successfully deployed. <<1717153957648
AggrigateNode>>ACE>>Server>>SUCCESS>>1717155196007
BIP9332I<<Application 'AggrigateNode' has been changed successfully. <<1717155196007
BIP9326I<<The source 'AggrigateNodeproject.generated.bar' has been successfully deployed. <<1717155196007
AggrigateNode>>ACE>>Server>>SUCCESS>>1717159379701
BIP9332I<<Application 'AggrigateNode' has been created successfully. <<1717159379701
BIP9326I<<The source 'AggrigateNodeproject.generated.bar' has been successfully deployed. <<1717159379701
AggrigateNode>>ACE>>Server>>SUCCESS>>1717159455147
BIP9332I<<Application 'AggrigateNode' has been created successfully. <<1717159455147
BIP9326I<<The source 'AggrigateNodeproject.generated.bar' has been successfully deployed. <<1717159455147
AggrigateNode>>ACE>>Server>>SUCCESS>>1717159489492
BIP9332I<<Application 'AggrigateNode' has been changed successfully. <<1717159489492
BIP9326I<<The source 'AggrigateNodeproject.generated.bar' has been successfully deployed. <<1717159489492
AggrigateNode>>ACE>>Server>>SUCCESS>>1717159539514
BIP9332I<<Application 'AggrigateNode' has been created successfully. <<1717159539514
BIP9326I<<The source 'AggrigateNodeproject.generated.bar' has been successfully deployed. <<1717159539514
AggrigateNode>>ACE>>Server>>SUCCESS>>1717159613135
BIP9332I<<Application 'AggrigateNode' has been created successfully. <<1717159613135
BIP9326I<<The source 'AggrigateNodeproject.generated.bar' has been successfully deployed. <<1717159613135
AggrigateNode>>ACE>>Server>>SUCCESS>>1717159821295
BIP9332I<<Application 'AggrigateNode' has been changed successfully. <<1717159821295
BIP9326I<<The source 'AggrigateNodeproject.generated.bar' has been successfully deployed. <<1717159821295
AggrigateNode>>ACE>>Server>>SUCCESS>>1717159884586
BIP9332I<<Application 'AggrigateNode' has been changed successfully. <<1717159884586
BIP9326I<<The source 'AggrigateNodeproject.generated.bar' has been successfully deployed. <<1717159884586
AggrigateNode>>ACE>>Server>>SUCCESS>>1717160001710
BIP9332I<<Application 'AggrigateNode' has been changed successfully. <<1717160001710
BIP9326I<<The source 'AggrigateNodeproject.generated.bar' has been successfully deployed. <<1717160001710
AggrigateNode>>ACE>>Server>>SUCCESS>>1717160074866
BIP9332I<<Application 'AggrigateNode' has been created successfully. <<1717160074866
BIP9326I<<The source 'AggrigateNodeproject.generated.bar' has been successfully deployed. <<1717160074866
AggrigateNode>>ACE>>Server>>SUCCESS>>1717160081077
BIP9332I<<Application 'AggrigateNode' has been changed successfully. <<1717160081077
BIP9326I<<The source 'AggrigateNodeproject.generated.bar' has been successfully deployed. <<1717160081077
RoutingNodes>>ACE>>Server>>WARNING>>1717394800868
BIP4125E<<Failed to load ESQL file 'C:/ProgramData/IBM/MQSI/components/ACE/servers/Server/run/RoutingNodes/RoutingNodesMSGFlow_Compute2.esql'. <<1717394800868
BIP2401E<<(.RoutingNodesMSGFlow_Compute2.Main, 4.3) : Syntax error : expected 'END' but found '-'. <<1717394800868
BIP9320E<<Message Flow 'RoutingNodesMSGFlow', 'RoutingNodesMSGFlow' encountered a failure and could not start. <<1717394800868
BIP4001E<<Syntax error in SQL statements in node '{0}'. <<1717394800868
BIP4127E<<Failed to find ESQL module 'RoutingNodesMSGFlow_Compute2'. <<1717394800868
BIP9333W<<Application 'RoutingNodes' has been created but contains errors which has prevented some resources from starting. <<1717394800868
BIP1096E<<The source 'RoutingNodesproject.generated.bar' has been deployed but there were one or more failures which may mean the deployed resources will be unable to execute. <<1717394800868
RoutingNodes>>ACE>>Server>>SUCCESS>>1717394850878
BIP9332I<<Application 'RoutingNodes' has been changed successfully. <<1717394850878
BIP9326I<<The source 'RoutingNodesproject.generated.bar' has been successfully deployed. <<1717394850878
RoutingNodes>>ACE>>Server>>SUCCESS>>1717394923901
BIP9332I<<Application 'RoutingNodes' has been changed successfully. <<1717394923901
BIP9326I<<The source 'RoutingNodesproject.generated.bar' has been successfully deployed. <<1717394923901
RoutingNodes>>ACE>>Server>>SUCCESS>>1717394933940
BIP9332I<<Application 'RoutingNodes' has been changed successfully. <<1717394933940
BIP9326I<<The source 'RoutingNodesproject.generated.bar' has been successfully deployed. <<1717394933940
RoutingNodes>>ACE>>Server>>SUCCESS>>1717395989285
BIP9332I<<Application 'RoutingNodes' has been changed successfully. <<1717395989285
BIP9326I<<The source 'RoutingNodesproject.generated.bar' has been successfully deployed. <<1717395989285
RoutingNodes>>ACE>>Server>>SUCCESS>>1717396210082
BIP9332I<<Application 'RoutingNodes' has been changed successfully. <<1717396210082
BIP9326I<<The source 'RoutingNodesproject.generated.bar' has been successfully deployed. <<1717396210082
RoutingNodes>>ACE>>Server>>SUCCESS>>1717396272082
BIP9332I<<Application 'RoutingNodes' has been changed successfully. <<1717396272082
BIP9326I<<The source 'RoutingNodesproject.generated.bar' has been successfully deployed. <<1717396272082
RoutingNodes>>ACE>>Server>>SUCCESS>>1717396348480
BIP9332I<<Application 'RoutingNodes' has been changed successfully. <<1717396348480
BIP9326I<<The source 'RoutingNodesproject.generated.bar' has been successfully deployed. <<1717396348480
RoutingNodes>>ACE>>Server>>SUCCESS>>1717396823049
BIP9332I<<Application 'RoutingNodes' has been changed successfully. <<1717396823049
BIP9326I<<The source 'RoutingNodesproject.generated.bar' has been successfully deployed. <<1717396823049
RoutingNodes>>ACE>>Server>>SUCCESS>>1717396855291
BIP9332I<<Application 'RoutingNodes' has been changed successfully. <<1717396855291
BIP9326I<<The source 'RoutingNodesproject.generated.bar' has been successfully deployed. <<1717396855291
RoutingNodes>>ACE>>Server>>SUCCESS>>1717396892974
BIP9332I<<Application 'RoutingNodes' has been changed successfully. <<1717396892974
BIP9326I<<The source 'RoutingNodesproject.generated.bar' has been successfully deployed. <<1717396892974
RoutingNodes>>ACE>>Server>>SUCCESS>>1717396898442
BIP9332I<<Application 'RoutingNodes' has been changed successfully. <<1717396898442
BIP9326I<<The source 'RoutingNodesproject.generated.bar' has been successfully deployed. <<1717396898442
FTP_Demo>>ACE>>Server>>SUCCESS>>1717397591238
BIP9332I<<Application 'FTP_Demo' has been created successfully. <<1717397591238
BIP9326I<<The source 'FTP_Demoproject.generated.bar' has been successfully deployed. <<1717397591238
FTP_Demo>>ACE>>Server>>SUCCESS>>1717397666425
BIP9332I<<Application 'FTP_Demo' has been changed successfully. <<1717397666425
BIP9326I<<The source 'FTP_Demoproject.generated.bar' has been successfully deployed. <<1717397666425
FTP_Demo>>ACE>>Server>>SUCCESS>>1717397739895
BIP9332I<<Application 'FTP_Demo' has been created successfully. <<1717397739895
BIP9326I<<The source 'FTP_Demoproject.generated.bar' has been successfully deployed. <<1717397739895
FTP_Demo>>ACE>>Server>>SUCCESS>>1717397768911
BIP9332I<<Application 'FTP_Demo' has been changed successfully. <<1717397768911
BIP9326I<<The source 'FTP_Demoproject.generated.bar' has been successfully deployed. <<1717397768911
FTP_Demo>>ACE>>Server>>SUCCESS>>1717397794816
BIP9332I<<Application 'FTP_Demo' has been changed successfully. <<1717397794816
BIP9326I<<The source 'FTP_Demoproject.generated.bar' has been successfully deployed. <<1717397794816
FTP_Demo>>ACE>>Server>>SUCCESS>>1717397952396
BIP9332I<<Application 'FTP_Demo' has been changed successfully. <<1717397952396
BIP9326I<<The source 'FTP_Demoproject.generated.bar' has been successfully deployed. <<1717397952396
FTP_Demo>>ACE>>Server>>SUCCESS>>1717398073238
BIP9332I<<Application 'FTP_Demo' has been changed successfully. <<1717398073238
BIP9326I<<The source 'FTP_Demoproject.generated.bar' has been successfully deployed. <<1717398073238
FTP_Demo>>ACE>>Server>>SUCCESS>>1717398169733
BIP9332I<<Application 'FTP_Demo' has been changed successfully. <<1717398169733
BIP9326I<<The source 'FTP_Demoproject.generated.bar' has been successfully deployed. <<1717398169733
FTP_Demo>>ACE>>Server>>SUCCESS>>1717398196827
BIP9332I<<Application 'FTP_Demo' has been changed successfully. <<1717398196827
BIP9326I<<The source 'FTP_Demoproject.generated.bar' has been successfully deployed. <<1717398196827
FTP_Demo>>ACE>>Server>>SUCCESS>>1717398214005
BIP9332I<<Application 'FTP_Demo' has been changed successfully. <<1717398214005
BIP9326I<<The source 'FTP_Demoproject.generated.bar' has been successfully deployed. <<1717398214005
FTP_Demo>>ACE>>Server>>SUCCESS>>1717398254597
BIP9332I<<Application 'FTP_Demo' has been changed successfully. <<1717398254597
BIP9326I<<The source 'FTP_Demoproject.generated.bar' has been successfully deployed. <<1717398254597
FTP_Demo>>ACE>>Server>>SUCCESS>>1717409377064
BIP9332I<<Application 'FTP_Demo' has been changed successfully. <<1717409377064
BIP9326I<<The source 'FTP_Demoproject.generated.bar' has been successfully deployed. <<1717409377064
FTP_Demo>>ACE>>Server>>SUCCESS>>1717409391349
BIP9332I<<Application 'FTP_Demo' has been changed successfully. <<1717409391349
BIP9326I<<The source 'FTP_Demoproject.generated.bar' has been successfully deployed. <<1717409391349
FTP_Demo>>ACE>>Server>>SUCCESS>>1717409420854
BIP9332I<<Application 'FTP_Demo' has been changed successfully. <<1717409420854
BIP9326I<<The source 'FTP_Demoproject.generated.bar' has been successfully deployed. <<1717409420854
FTP_Demo>>ACE>>Server>>SUCCESS>>1717419513602
BIP9332I<<Application 'FTP_Demo' has been changed successfully. <<1717419513602
BIP9326I<<The source 'FTP_Demoproject.generated.bar' has been successfully deployed. <<1717419513602
FTP_Demo>>ACE>>Server>>SUCCESS>>1717419523538
BIP9332I<<Application 'FTP_Demo' has been changed successfully. <<1717419523538
BIP9326I<<The source 'FTP_Demoproject.generated.bar' has been successfully deployed. <<1717419523538
FTP_Demo>>ACE>>Server>>SUCCESS>>1717419761452
BIP9332I<<Application 'FTP_Demo' has been changed successfully. <<1717419761452
BIP9326I<<The source 'FTP_Demoproject.generated.bar' has been successfully deployed. <<1717419761452
FTP_Demo>>ACE>>Server>>SUCCESS>>1717419818548
BIP9332I<<Application 'FTP_Demo' has been changed successfully. <<1717419818548
BIP9326I<<The source 'FTP_Demoproject.generated.bar' has been successfully deployed. <<1717419818548
FTP_Demo>>ACE>>Server>>SUCCESS>>1717419887734
BIP9332I<<Application 'FTP_Demo' has been changed successfully. <<1717419887734
BIP9326I<<The source 'FTP_Demoproject.generated.bar' has been successfully deployed. <<1717419887734
FTP_Demo>>ACE>>Server>>SUCCESS>>1717481626310
BIP9332I<<Application 'FTP_Demo' has been changed successfully. <<1717481626310
BIP9326I<<The source 'FTP_Demoproject.generated.bar' has been successfully deployed. <<1717481626310
FTP_Demo>>ACE>>Server>>SUCCESS>>1717481697811
BIP9332I<<Application 'FTP_Demo' has been changed successfully. <<1717481697811
BIP9326I<<The source 'FTP_Demoproject.generated.bar' has been successfully deployed. <<1717481697811
FTP_Demo>>ACE>>Server>>SUCCESS>>1717481704932
BIP9332I<<Application 'FTP_Demo' has been changed successfully. <<1717481704932
BIP9326I<<The source 'FTP_Demoproject.generated.bar' has been successfully deployed. <<1717481704932
FTP_Demo>>ACE>>Server>>SUCCESS>>1717481753397
BIP9332I<<Application 'FTP_Demo' has been changed successfully. <<1717481753397
BIP9326I<<The source 'FTP_Demoproject.generated.bar' has been successfully deployed. <<1717481753397
FTP_Demo>>ACE>>Server>>SUCCESS>>1717481758789
BIP9332I<<Application 'FTP_Demo' has been changed successfully. <<1717481758789
BIP9326I<<The source 'FTP_Demoproject.generated.bar' has been successfully deployed. <<1717481758789
FTP_Demo>>ACE>>Server>>SUCCESS>>1717481851718
BIP9332I<<Application 'FTP_Demo' has been changed successfully. <<1717481851718
BIP9326I<<The source 'FTP_Demoproject.generated.bar' has been successfully deployed. <<1717481851718
FTP_Demo>>ACE>>Server>>SUCCESS>>1717492372742
BIP9332I<<Application 'FTP_Demo' has been changed successfully. <<1717492372742
BIP9326I<<The source 'FTP_Demoproject.generated.bar' has been successfully deployed. <<1717492372742
REST_Application>>ACE>>Server>>SUCCESS>>1717500043544
BIP9332I<<RestAPI 'REST_Application' has been created successfully. <<1717500043544
BIP9326I<<The source 'REST_Applicationproject.generated.bar' has been successfully deployed. <<1717500043544
REST_Application>>ACE>>Server>>SUCCESS>>1717500089636
BIP9332I<<RestAPI 'REST_Application' has been changed successfully. <<1717500089636
BIP9326I<<The source 'REST_Applicationproject.generated.bar' has been successfully deployed. <<1717500089636
GlobalCatche_mapping>>ACE>>Server>>SUCCESS>>1717566419797
BIP9332I<<Application 'GlobalCatche_mapping' has been created successfully. <<1717566419797
BIP9326I<<The source 'GlobalCatche_mappingproject.generated.bar' has been successfully deployed. <<1717566419797
GlobalCatche_mapping>>ACE>>Server>>SUCCESS>>1717567793228
BIP9332I<<Application 'GlobalCatche_mapping' has been changed successfully. <<1717567793228
BIP9326I<<The source 'GlobalCatche_mappingproject.generated.bar' has been successfully deployed. <<1717567793228
GlobalCatche_mapping>>ACE>>Server>>SUCCESS>>1717567949926
BIP9332I<<Application 'GlobalCatche_mapping' has been changed successfully. <<1717567949926
BIP9326I<<The source 'GlobalCatche_mappingproject.generated.bar' has been successfully deployed. <<1717567949926
GlobalCatche_mapping>>ACE>>Server>>SUCCESS>>1717568496711
BIP9332I<<Application 'GlobalCatche_mapping' has been changed successfully. <<1717568496711
BIP9326I<<The source 'GlobalCatche_mappingproject.generated.bar' has been successfully deployed. <<1717568496711
GlobalCatche_mapping>>ACE2>>SERVER2>>SUCCESS>>1717571356626
BIP9332I<<Application 'GlobalCatche_mapping' has been created successfully. <<1717571356626
BIP9326I<<The source 'GlobalCatche_mappingproject.generated.bar' has been successfully deployed. <<1717571356626
GlobalCatche_mapping>>ACE2>>SERVER2>>SUCCESS>>1717571481563
BIP9332I<<Application 'GlobalCatche_mapping' has been changed successfully. <<1717571481563
BIP9326I<<The source 'GlobalCatche_mappingproject.generated.bar' has been successfully deployed. <<1717571481563
GlobalCatche_mapping>>ACE2>>SERVER2>>SUCCESS>>1717571493071
BIP9332I<<Application 'GlobalCatche_mapping' has been changed successfully. <<1717571493071
BIP9326I<<The source 'GlobalCatche_mappingproject.generated.bar' has been successfully deployed. <<1717571493071
TASK_GLOBAL_CACHE>>ACE2>>SERVER2>>SUCCESS>>1717572474666
BIP9332I<<Application 'TASK_GLOBAL_CACHE' has been created successfully. <<1717572474666
BIP9326I<<The source 'TASK_GLOBAL_CACHEproject.generated.bar' has been successfully deployed. <<1717572474666
TASK_GLOBAL_CACHE>>ACE2>>SERVER2>>SUCCESS>>1717572699840
BIP9332I<<Application 'TASK_GLOBAL_CACHE' has been changed successfully. <<1717572699840
BIP9326I<<The source 'TASK_GLOBAL_CACHEproject.generated.bar' has been successfully deployed. <<1717572699840
TASK_GLOBAL_CACHE>>ACE2>>SERVER2>>SUCCESS>>1717572787045
BIP9332I<<Application 'TASK_GLOBAL_CACHE' has been changed successfully. <<1717572787045
BIP9326I<<The source 'TASK_GLOBAL_CACHEproject.generated.bar' has been successfully deployed. <<1717572787045
TASK_GLOBAL_CACHE>>ACE2>>SERVER2>>SUCCESS>>1717577391177
BIP9332I<<Application 'TASK_GLOBAL_CACHE' has been changed successfully. <<1717577391177
BIP9326I<<The source 'TASK_GLOBAL_CACHEproject.generated.bar' has been successfully deployed. <<1717577391177
TASK_GLOBAL_CACHE>>ACE2>>SERVER2>>SUCCESS>>1717577679681
BIP9332I<<Application 'TASK_GLOBAL_CACHE' has been changed successfully. <<1717577679681
BIP9326I<<The source 'TASK_GLOBAL_CACHEproject.generated.bar' has been successfully deployed. <<1717577679681
DatabaseMapping>>ACE2>>SERVER2>>SUCCESS>>1717654953752
BIP9332I<<Application 'DatabaseMapping' has been created successfully. <<1717654953752
BIP9326I<<The source 'DatabaseMappingproject.generated.bar' has been successfully deployed. <<1717654953752
DatabaseMapping>>ACE2>>SERVER2>>SUCCESS>>1717654963198
BIP9332I<<Application 'DatabaseMapping' has been changed successfully. <<1717654963198
BIP9326I<<The source 'DatabaseMappingproject.generated.bar' has been successfully deployed. <<1717654963198
DatabaseMapping>>ACE2>>SERVER2>>SUCCESS>>1717654992457
BIP9332I<<Application 'DatabaseMapping' has been changed successfully. <<1717654992457
BIP9326I<<The source 'DatabaseMappingproject.generated.bar' has been successfully deployed. <<1717654992457
DatabaseMapping>>ACE2>>SERVER2>>SUCCESS>>1717655430354
BIP9332I<<Application 'DatabaseMapping' has been changed successfully. <<1717655430354
BIP9326I<<The source 'DatabaseMappingproject.generated.bar' has been successfully deployed. <<1717655430354
DatabaseMapping>>ACE2>>SERVER2>>SUCCESS>>1717655708704
BIP9332I<<Application 'DatabaseMapping' has been changed successfully. <<1717655708704
BIP9326I<<The source 'DatabaseMappingproject.generated.bar' has been successfully deployed. <<1717655708704
DatabaseMapping>>ACE2>>SERVER2>>SUCCESS>>1717656067665
BIP9332I<<Application 'DatabaseMapping' has been changed successfully. <<1717656067665
BIP9326I<<The source 'DatabaseMappingproject.generated.bar' has been successfully deployed. <<1717656067665
DatabaseMapping>>ACE2>>SERVER2>>SUCCESS>>1717656384458
BIP9332I<<Application 'DatabaseMapping' has been changed successfully. <<1717656384458
BIP9326I<<The source 'DatabaseMappingproject.generated.bar' has been successfully deployed. <<1717656384458
project>>ACE2>>SERVER2>>SUCCESS>>1717657590950
BIP9332I<<PolicyProject 'project' has been created successfully. <<1717657590950
BIP9326I<<The source 'projectproject.generated.bar' has been successfully deployed. <<1717657590950
project>>ACE2>>SERVER2>>SUCCESS>>1717657734193
BIP9339W<<The values defined in the policy(s) 'JDBC' in policy project 'project' match the values of the existing policy(s). Any deployed resources using the policy(s) will not be affected by the redeploy of the policy project. <<1717657734193
BIP9326I<<The source 'projectproject.generated.bar' has been successfully deployed. <<1717657734193
DatabaseMapping>>ACE2>>SERVER2>>SUCCESS>>1717657742413
BIP9332I<<Application 'DatabaseMapping' has been changed successfully. <<1717657742413
BIP9326I<<The source 'DatabaseMappingproject.generated.bar' has been successfully deployed. <<1717657742413
DatabaseMapping>>ACE2>>SERVER2>>SUCCESS>>1717658295757
BIP9332I<<Application 'DatabaseMapping' has been changed successfully. <<1717658295757
BIP9326I<<The source 'DatabaseMappingproject.generated.bar' has been successfully deployed. <<1717658295757
DatabaseMapping>>ACE2>>SERVER2>>SUCCESS>>1717664684056
BIP9332I<<Application 'DatabaseMapping' has been created successfully. <<1717664684056
BIP9326I<<The source 'DatabaseMappingproject.generated.bar' has been successfully deployed. <<1717664684056
DatabaseMapping>>ACE2>>SERVER2>>SUCCESS>>1717664694536
BIP9332I<<Application 'DatabaseMapping' has been changed successfully. <<1717664694536
BIP9326I<<The source 'DatabaseMappingproject.generated.bar' has been successfully deployed. <<1717664694536
project>>ACE2>>SERVER2>>SUCCESS>>1717664913123
BIP9332I<<PolicyProject 'project' has been created successfully. <<1717664913123
BIP9326I<<The source 'projectproject.generated.bar' has been successfully deployed. <<1717664913123
DatabaseMapping>>ACE2>>SERVER2>>SUCCESS>>1717664927811
BIP9332I<<Application 'DatabaseMapping' has been changed successfully. <<1717664927811
BIP9326I<<The source 'DatabaseMappingproject.generated.bar' has been successfully deployed. <<1717664927811
DatabaseMapping>>ACE2>>SERVER2>>SUCCESS>>1717664965598
BIP9332I<<Application 'DatabaseMapping' has been changed successfully. <<1717664965598
BIP9326I<<The source 'DatabaseMappingproject.generated.bar' has been successfully deployed. <<1717664965598
project>>ACE2>>SERVER2>>ERROR>>1717665133800
BIP9328E<<The policy project 'project' cannot be redeployed at this time as the non-dynamic policy 'JDBC' differs from what is currently deployed. To allow redeploying of this policy project use the 'restart-all-applications' option. <<1717665133800
BIP9325E<<The source 'projectproject.generated.bar' could not be deployed as it contains errors. No changes have been made to the integration server. <<1717665133800
project>>ACE2>>SERVER2>>SUCCESS>>1717665156771
BIP9332I<<PolicyProject 'project' has been created successfully. <<1717665156771
BIP9326I<<The source 'projectproject.generated.bar' has been successfully deployed. <<1717665156771
DatabaseMapping>>ACE2>>SERVER2>>SUCCESS>>1717665163782
BIP9332I<<Application 'DatabaseMapping' has been created successfully. <<1717665163782
BIP9326I<<The source 'DatabaseMappingproject.generated.bar' has been successfully deployed. <<1717665163782
project>>ACE2>>SERVER2>>SUCCESS>>1717665224882
BIP9332I<<PolicyProject 'project' has been created successfully. <<1717665224882
BIP9326I<<The source 'projectproject.generated.bar' has been successfully deployed. <<1717665224882
MappinDB_Appication>>ACE2>>SERVER2>>SUCCESS>>1717665795951
BIP9332I<<Application 'MappinDB_Appication' has been created successfully. <<1717665795951
BIP9326I<<The source 'MappinDB_Appicationproject.generated.bar' has been successfully deployed. <<1717665795951
MappinDB_Appication>>ACE2>>SERVER2>>SUCCESS>>1717665805986
BIP9332I<<Application 'MappinDB_Appication' has been changed successfully. <<1717665805986
BIP9326I<<The source 'MappinDB_Appicationproject.generated.bar' has been successfully deployed. <<1717665805986
MappinDB_Appication>>ACE2>>SERVER2>>SUCCESS>>1717665869251
BIP9332I<<Application 'MappinDB_Appication' has been changed successfully. <<1717665869251
BIP9326I<<The source 'MappinDB_Appicationproject.generated.bar' has been successfully deployed. <<1717665869251
MappinDB_Appication>>ACE2>>SERVER2>>SUCCESS>>1717665889659
BIP9332I<<Application 'MappinDB_Appication' has been changed successfully. <<1717665889659
BIP9326I<<The source 'MappinDB_Appicationproject.generated.bar' has been successfully deployed. <<1717665889659
MappinDB_Appication>>ACE2>>SERVER2>>SUCCESS>>1717666030055
BIP9332I<<Application 'MappinDB_Appication' has been changed successfully. <<1717666030055
BIP9326I<<The source 'MappinDB_Appicationproject.generated.bar' has been successfully deployed. <<1717666030055
project>>ACE2>>SERVER2>>SUCCESS>>1717666109146
BIP9339W<<The values defined in the policy(s) 'JDBC' in policy project 'project' match the values of the existing policy(s). Any deployed resources using the policy(s) will not be affected by the redeploy of the policy project. <<1717666109146
BIP9326I<<The source 'projectproject.generated.bar' has been successfully deployed. <<1717666109146
MappinDB_Appication>>ACE2>>SERVER2>>SUCCESS>>1717666116005
BIP9332I<<Application 'MappinDB_Appication' has been changed successfully. <<1717666116005
BIP9326I<<The source 'MappinDB_Appicationproject.generated.bar' has been successfully deployed. <<1717666116005
project>>ACE>>Server>>ERROR>>1717666045357
project>>ACE2>>SERVER2>>SUCCESS>>1717667198726
BIP9332I<<PolicyProject 'project' has been created successfully. <<1717667198726
BIP9326I<<The source 'projectproject.generated.bar' has been successfully deployed. <<1717667198726
MappinDB_Appication>>ACE2>>SERVER2>>SUCCESS>>1717667217067
BIP9332I<<Application 'MappinDB_Appication' has been created successfully. <<1717667217067
BIP9326I<<The source 'MappinDB_Appicationproject.generated.bar' has been successfully deployed. <<1717667217067
MappinDB_Appication>>ACE2>>SERVER2>>SUCCESS>>1717672217933
BIP9332I<<Application 'MappinDB_Appication' has been changed successfully. <<1717672217933
BIP9326I<<The source 'MappinDB_Appicationproject.generated.bar' has been successfully deployed. <<1717672217933
MappinDB_Appication>>ACE2>>SERVER2>>SUCCESS>>1717672245689
BIP9332I<<Application 'MappinDB_Appication' has been changed successfully. <<1717672245689
BIP9326I<<The source 'MappinDB_Appicationproject.generated.bar' has been successfully deployed. <<1717672245689
GlobalCatche_mapping>>ACE2>>SERVER2>>SUCCESS>>1717678407063
BIP9332I<<Application 'GlobalCatche_mapping' has been created successfully. <<1717678407063
BIP9326I<<The source 'GlobalCatche_mappingproject.generated.bar' has been successfully deployed. <<1717678407063
GlobalCatche_mapping>>ACE2>>SERVER2>>SUCCESS>>1717678569592
BIP9332I<<Application 'GlobalCatche_mapping' has been changed successfully. <<1717678569592
BIP9326I<<The source 'GlobalCatche_mappingproject.generated.bar' has been successfully deployed. <<1717678569592
TASK_GLOBAL_CACHE>>ACE2>>SERVER2>>SUCCESS>>1717678720272
BIP9332I<<Application 'TASK_GLOBAL_CACHE' has been created successfully. <<1717678720272
BIP9326I<<The source 'TASK_GLOBAL_CACHEproject.generated.bar' has been successfully deployed. <<1717678720272
FileNodeOperation>>ACE2>>SERVER2>>SUCCESS>>1717743031943
BIP9332I<<Application 'FileNodeOperation' has been created successfully. <<1717743031943
BIP9326I<<The source 'FileNodeOperationproject.generated.bar' has been successfully deployed. <<1717743031943
FileNodeOperation>>ACE2>>SERVER2>>SUCCESS>>1717743274740
BIP9332I<<Application 'FileNodeOperation' has been changed successfully. <<1717743274740
BIP9326I<<The source 'FileNodeOperationproject.generated.bar' has been successfully deployed. <<1717743274740
FileNodeOperation>>ACE2>>SERVER2>>SUCCESS>>1717743354069
BIP9332I<<Application 'FileNodeOperation' has been changed successfully. <<1717743354069
BIP9326I<<The source 'FileNodeOperationproject.generated.bar' has been successfully deployed. <<1717743354069
FileNodeOperation>>ACE2>>SERVER2>>SUCCESS>>1717744063123
BIP9332I<<Application 'FileNodeOperation' has been changed successfully. <<1717744063123
BIP9326I<<The source 'FileNodeOperationproject.generated.bar' has been successfully deployed. <<1717744063123
FileNodeOperation>>ACE2>>SERVER2>>SUCCESS>>1717744377233
BIP9332I<<Application 'FileNodeOperation' has been changed successfully. <<1717744377233
BIP9326I<<The source 'FileNodeOperationproject.generated.bar' has been successfully deployed. <<1717744377233
FileNodeOperation>>ACE2>>SERVER2>>SUCCESS>>1717752445779
BIP9332I<<Application 'FileNodeOperation' has been changed successfully. <<1717752445779
BIP9326I<<The source 'FileNodeOperationproject.generated.bar' has been successfully deployed. <<1717752445779
